2025-12-05T22:38:27.620-0900 [INFO]  Terraform version: 1.14.1
2025-12-05T22:38:27.620-0900 [DEBUG] using github.com/hashicorp/go-tfe v1.94.0
2025-12-05T22:38:27.620-0900 [DEBUG] using github.com/hashicorp/hcl/v2 v2.24.0
2025-12-05T22:38:27.620-0900 [DEBUG] using github.com/hashicorp/terraform-svchost v0.1.1
2025-12-05T22:38:27.620-0900 [DEBUG] using github.com/zclconf/go-cty v1.16.3
2025-12-05T22:38:27.620-0900 [INFO]  Go runtime version: go1.25.4
2025-12-05T22:38:27.620-0900 [INFO]  CLI args: []string{"terraform", "apply", "-auto-approve", "-lock=false"}
2025-12-05T22:38:27.620-0900 [DEBUG] Attempting to open CLI config file: /Users/brent/.terraformrc
2025-12-05T22:38:27.620-0900 [INFO]  Loading CLI configuration from /Users/brent/.terraformrc
2025-12-05T22:38:27.621-0900 [DEBUG] checking for credentials in "/Users/brent/.terraform.d/plugins"
2025-12-05T22:38:27.621-0900 [DEBUG] Explicit provider installation configuration is set
2025-12-05T22:38:27.621-0900 [INFO]  CLI command args: []string{"apply", "-auto-approve", "-lock=false"}
2025-12-05T22:38:27.623-0900 [DEBUG] Provider registry.terraform.io/terraform-providers/anyscale is overridden by dev_overrides
2025-12-05T22:38:27.623-0900 [DEBUG] Provider registry.terraform.io/terraform-providers/anyscale is overridden to load from /Users/brent/Projects/terraform/terraform-provider-anyscale
2025-12-05T22:38:27.623-0900 [DEBUG] checking for provisioner in "."
2025-12-05T22:38:27.626-0900 [DEBUG] checking for provisioner in "/opt/homebrew/bin"
2025-12-05T22:38:27.626-0900 [DEBUG] checking for provisioner in "/Users/brent/.terraform.d/plugins"
2025-12-05T22:38:27.626-0900 [DEBUG] Provider registry.terraform.io/terraform-providers/anyscale is overridden by dev_overrides
[33m╷[0m[0m
[33m│[0m [0m[1m[33mWarning: [0m[0m[1mProvider development overrides are in effect[0m
[33m│[0m [0m
[33m│[0m [0m[0mThe following provider development overrides are set in the CLI
[33m│[0m [0mconfiguration:
[33m│[0m [0m - terraform-providers/anyscale in /Users/brent/Projects/terraform/terraform-provider-anyscale
[33m│[0m [0m
[33m│[0m [0mThe behavior may therefore not match any released version of the provider
[33m│[0m [0mand applying changes may cause the state to become incompatible with
[33m│[0m [0mpublished releases.
[33m╵[0m[0m
2025-12-05T22:38:27.626-0900 [INFO]  backend/local: starting Apply operation
[31m╷[0m[0m
[31m│[0m [0m[1m[31mError: [0m[0m[1mModule not installed[0m
[31m│[0m [0m
[31m│[0m [0m[0m  on main.tf line 12:
[31m│[0m [0m  12: [4mmodule "aws_anyscale_v2_common_name"[0m {[0m
[31m│[0m [0m
[31m│[0m [0mThis module is not yet installed. Run "terraform init" to install all
[31m│[0m [0mmodules required by this configuration.
[31m╵[0m[0m
