2025-12-05T22:44:00.000-0900 [INFO]  Terraform version: 1.14.1
2025-12-05T22:44:00.000-0900 [INFO]  Go runtime version: go1.25.4
2025-12-05T22:44:00.000-0900 [INFO]  CLI args: []string{"terraform", "apply", "-auto-approve"}
2025-12-05T22:44:00.000-0900 [INFO]  Loading CLI configuration from /Users/brent/.terraformrc
2025-12-05T22:44:00.001-0900 [INFO]  CLI command args: []string{"apply", "-auto-approve"}
[33m╷[0m[0m
[33m│[0m [0m[1m[33mWarning: [0m[0m[1mProvider development overrides are in effect[0m
[33m│[0m [0m
[33m│[0m [0m[0mThe following provider development overrides are set in the CLI
[33m│[0m [0mconfiguration:
[33m│[0m [0m - terraform-providers/anyscale in /Users/brent/Projects/terraform/terraform-provider-anyscale
[33m│[0m [0m
[33m│[0m [0mThe behavior may therefore not match any released version of the provider
[33m│[0m [0mand applying changes may cause the state to become incompatible with
[33m│[0m [0mpublished releases.
[33m╵[0m[0m
2025-12-05T22:44:00.006-0900 [INFO]  backend/local: starting Apply operation
[31m╷[0m[0m
[31m│[0m [0m[1m[31mError: [0m[0m[1mInconsistent dependency lock file[0m
[31m│[0m [0m
[31m│[0m [0m[0mThe following dependency selections recorded in the lock file are
[31m│[0m [0minconsistent with the current configuration:
[31m│[0m [0m  - provider github.com/brent/anyscale: required by this configuration but no version is selected
[31m│[0m [0m  - provider registry.terraform.io/hashicorp/aws: required by this configuration but no version is selected
[31m│[0m [0m  - provider registry.terraform.io/hashicorp/random: required by this configuration but no version is selected
[31m│[0m [0m  - provider registry.terraform.io/hashicorp/time: required by this configuration but no version is selected
[31m│[0m [0m
[31m│[0m [0mTo make the initial dependency selections that will initialize the
[31m│[0m [0mdependency lock file, run:
[31m│[0m [0m  terraform init
[31m╵[0m[0m
